<?xml version="1.0" encoding="UTF-8"?>
<testsuite xmlns:xsi="http://www.w3.org/2001/XMLSchema-instance" xsi:noNamespaceSchemaLocation="https://maven.apache.org/surefire/maven-surefire-plugin/xsd/surefire-test-report-3.0.xsd" version="3.0" name="TestSuite" time="16.421" tests="11" errors="0" skipped="9" failures="1">
  <properties>
[...]
</properties>
  <testcase name="testValidBasicInformation[Harpal, Singh, 2 North Central Avenue, Arizona, Phoenix, 85004.0, 12/07/1981, TC01_ValidDOB](1)" classname="UpgradeUI.BasicInformationPageTest" time="1.951">
    <system-out><![CDATA[2024-07-01 22:22:47,232 [main] INFO : Test Suite Started: BasicInformationPageTest
2024-07-01 22:22:55,981 [main] INFO : Test Started: testValidBasicInformation
2024-07-01 22:22:57,930 [main] INFO : user successfully navigated to Income Information Page
2024-07-01 22:22:57,932 [main] INFO : Test Passed: testValidBasicInformation
]]></system-out>
    <system-err><![CDATA[SLF4J: Failed to load class "org.slf4j.impl.StaticLoggerBinder".
SLF4J: Defaulting to no-operation (NOP) logger implementation
SLF4J: See http://www.slf4j.org/codes.html#StaticLoggerBinder for further details.
Jul 01, 2024 10:22:49 P.M. org.openqa.selenium.devtools.CdpVersionFinder findNearestMatch
WARNING: Unable to find an exact match for CDP version 126, returning the closest version; found: 125; Please update to a Selenium version that supports CDP version 126
]]></system-err>
  </testcase>
  <testcase name="navigateToBasicInformationPage" classname="UpgradeUI.BasicInformationPageTest" time="6.137">
    <failure message="element not interactable&#10;  (Session info: chrome=126.0.6478.127)&#10;Build info: version: &apos;4.21.0&apos;, revision: &apos;79ed462ef4&apos;&#10;System info: os.name: &apos;Mac OS X&apos;, os.arch: &apos;x86_64&apos;, os.version: &apos;12.7.5&apos;, java.version: &apos;21.0.2&apos;&#10;Driver info: org.openqa.selenium.chrome.ChromeDriver&#10;Command: [92d008cb7bc7af1710e69bcce4d44c28, clickElement {id=f.73177C7ACAF4778C221CFE2741180054.d.8B115B35190FF5652BBA66ED3F29471F.e.59}]&#10;Capabilities {acceptInsecureCerts: false, browserName: chrome, browserVersion: 126.0.6478.127, chrome: {chromedriverVersion: 126.0.6478.63 (df799988fdc9..., userDataDir: /var/folders/l4/chj728qd4jj...}, fedcm:accounts: true, goog:chromeOptions: {debuggerAddress: localhost:54052}, networkConnectionEnabled: false, pageLoadStrategy: normal, platformName: mac, proxy: Proxy(), se:cdp: ws://localhost:54052/devtoo..., se:cdpVersion: 126.0.6478.127, setWindowRect: true, strictFileInteractability: false, timeouts: {implicit: 0, pageLoad: 300000, script: 30000}, unhandledPromptBehavior: dismiss and notify, webauthn:extension:credBlob: true, webauthn:extension:largeBlob: true, webauthn:extension:minPinLength: true, webauthn:extension:prf: true, webauthn:virtualAuthenticators: true}&#10;Element: [[ChromeDriver: chrome on mac (92d008cb7bc7af1710e69bcce4d44c28)] -&gt; xpath: //span[text()=&apos;Debt Consolidation&apos;]]&#10;Session ID: 92d008cb7bc7af1710e69bcce4d44c28" type="org.openqa.selenium.ElementNotInteractableException"><![CDATA[org.openqa.selenium.ElementNotInteractableException: 
element not interactable
  (Session info: chrome=126.0.6478.127)
Build info: version: '4.21.0', revision: '79ed462ef4'
System info: os.name: 'Mac OS X', os.arch: 'x86_64', os.version: '12.7.5', java.version: '21.0.2'
Driver info: org.openqa.selenium.chrome.ChromeDriver
Command: [92d008cb7bc7af1710e69bcce4d44c28, clickElement {id=f.73177C7ACAF4778C221CFE2741180054.d.8B115B35190FF5652BBA66ED3F29471F.e.59}]
Capabilities {acceptInsecureCerts: false, browserName: chrome, browserVersion: 126.0.6478.127, chrome: {chromedriverVersion: 126.0.6478.63 (df799988fdc9..., userDataDir: /var/folders/l4/chj728qd4jj...}, fedcm:accounts: true, goog:chromeOptions: {debuggerAddress: localhost:54052}, networkConnectionEnabled: false, pageLoadStrategy: normal, platformName: mac, proxy: Proxy(), se:cdp: ws://localhost:54052/devtoo..., se:cdpVersion: 126.0.6478.127, setWindowRect: true, strictFileInteractability: false, timeouts: {implicit: 0, pageLoad: 300000, script: 30000}, unhandledPromptBehavior: dismiss and notify, webauthn:extension:credBlob: true, webauthn:extension:largeBlob: true, webauthn:extension:minPinLength: true, webauthn:extension:prf: true, webauthn:virtualAuthenticators: true}
Element: [[ChromeDriver: chrome on mac (92d008cb7bc7af1710e69bcce4d44c28)] -> xpath: //span[text()='Debt Consolidation']]
Session ID: 92d008cb7bc7af1710e69bcce4d44c28
	at UpgradeUI.BasicInformationPageTest.navigateToBasicInformationPage(BasicInformationPageTest.java:43)
]]></failure>
    <system-err><![CDATA[Jul 01, 2024 10:22:59 P.M. org.openqa.selenium.devtools.CdpVersionFinder findNearestMatch
WARNING: Unable to find an exact match for CDP version 126, returning the closest version; found: 125; Please update to a Selenium version that supports CDP version 126
]]></system-err>
  </testcase>
  <testcase name="navigateToBasicInformationPage" classname="UpgradeUI.BasicInformationPageTest" time="0">
    <skipped/>
  </testcase>
  <testcase name="navigateToBasicInformationPage" classname="UpgradeUI.BasicInformationPageTest" time="0">
    <skipped/>
  </testcase>
  <testcase name="testValidBasicInformation[Harpal, Singh, 2 North Central Avenue, Arizona, Phoenix, 85004.0, 07/12/1981, TC02_ValidDOB](2)" classname="UpgradeUI.BasicInformationPageTest" time="0">
    <skipped message="element not interactable&#10;  (Session info: chrome=126.0.6478.127)&#10;Build info: version: &apos;4.21.0&apos;, revision: &apos;79ed462ef4&apos;&#10;System info: os.name: &apos;Mac OS X&apos;, os.arch: &apos;x86_64&apos;, os.version: &apos;12.7.5&apos;, java.version: &apos;21.0.2&apos;&#10;Driver info: org.openqa.selenium.chrome.ChromeDriver&#10;Command: [92d008cb7bc7af1710e69bcce4d44c28, clickElement {id=f.73177C7ACAF4778C221CFE2741180054.d.8B115B35190FF5652BBA66ED3F29471F.e.59}]&#10;Capabilities {acceptInsecureCerts: false, browserName: chrome, browserVersion: 126.0.6478.127, chrome: {chromedriverVersion: 126.0.6478.63 (df799988fdc9..., userDataDir: /var/folders/l4/chj728qd4jj...}, fedcm:accounts: true, goog:chromeOptions: {debuggerAddress: localhost:54052}, networkConnectionEnabled: false, pageLoadStrategy: normal, platformName: mac, proxy: Proxy(), se:cdp: ws://localhost:54052/devtoo..., se:cdpVersion: 126.0.6478.127, setWindowRect: true, strictFileInteractability: false, timeouts: {implicit: 0, pageLoad: 300000, script: 30000}, unhandledPromptBehavior: dismiss and notify, webauthn:extension:credBlob: true, webauthn:extension:largeBlob: true, webauthn:extension:minPinLength: true, webauthn:extension:prf: true, webauthn:virtualAuthenticators: true}&#10;Element: [[ChromeDriver: chrome on mac (92d008cb7bc7af1710e69bcce4d44c28)] -&gt; xpath: //span[text()=&apos;Debt Consolidation&apos;]]&#10;Session ID: 92d008cb7bc7af1710e69bcce4d44c28"/>
    <system-out><![CDATA[2024-07-01 22:23:02,117 [main] INFO : Test Started: testValidBasicInformation
2024-07-01 22:23:02,118 [main] INFO : Test Skipped: testValidBasicInformation
]]></system-out>
  </testcase>
  <testcase name="cleanUp" classname="UpgradeUI.BasicInformationPageTest" time="0">
    <skipped/>
  </testcase>
  <testcase name="cleanUp" classname="UpgradeUI.BasicInformationPageTest" time="0">
    <skipped/>
  </testcase>
  <testcase name="cleanUp" classname="UpgradeUI.BasicInformationPageTest" time="0">
    <skipped/>
  </testcase>
  <testcase name="testInValidDOB[Harpal, Singh, 2 North Central Avenue, Arizona, Phoenix, 85004.0, 12/07/198, Please enter a valid date., TC01_InValidDOB](1)" classname="UpgradeUI.BasicInformationPageTest" time="0">
    <skipped message="element not interactable&#10;  (Session info: chrome=126.0.6478.127)&#10;Build info: version: &apos;4.21.0&apos;, revision: &apos;79ed462ef4&apos;&#10;System info: os.name: &apos;Mac OS X&apos;, os.arch: &apos;x86_64&apos;, os.version: &apos;12.7.5&apos;, java.version: &apos;21.0.2&apos;&#10;Driver info: org.openqa.selenium.chrome.ChromeDriver&#10;Command: [92d008cb7bc7af1710e69bcce4d44c28, clickElement {id=f.73177C7ACAF4778C221CFE2741180054.d.8B115B35190FF5652BBA66ED3F29471F.e.59}]&#10;Capabilities {acceptInsecureCerts: false, browserName: chrome, browserVersion: 126.0.6478.127, chrome: {chromedriverVersion: 126.0.6478.63 (df799988fdc9..., userDataDir: /var/folders/l4/chj728qd4jj...}, fedcm:accounts: true, goog:chromeOptions: {debuggerAddress: localhost:54052}, networkConnectionEnabled: false, pageLoadStrategy: normal, platformName: mac, proxy: Proxy(), se:cdp: ws://localhost:54052/devtoo..., se:cdpVersion: 126.0.6478.127, setWindowRect: true, strictFileInteractability: false, timeouts: {implicit: 0, pageLoad: 300000, script: 30000}, unhandledPromptBehavior: dismiss and notify, webauthn:extension:credBlob: true, webauthn:extension:largeBlob: true, webauthn:extension:minPinLength: true, webauthn:extension:prf: true, webauthn:virtualAuthenticators: true}&#10;Element: [[ChromeDriver: chrome on mac (92d008cb7bc7af1710e69bcce4d44c28)] -&gt; xpath: //span[text()=&apos;Debt Consolidation&apos;]]&#10;Session ID: 92d008cb7bc7af1710e69bcce4d44c28"/>
    <system-out><![CDATA[2024-07-01 22:23:02,170 [main] INFO : Test Started: testInValidDOB
2024-07-01 22:23:02,170 [main] INFO : Test Skipped: testInValidDOB
]]></system-out>
  </testcase>
  <testcase name="testInValidDOB[Harpal, Singh, 2 North Central Avenue, Arizona, Phoenix, 85004.0, 07/12/198, Please enter a valid date., TC02_InValidDOB](2)" classname="UpgradeUI.BasicInformationPageTest" time="0">
    <skipped message="element not interactable&#10;  (Session info: chrome=126.0.6478.127)&#10;Build info: version: &apos;4.21.0&apos;, revision: &apos;79ed462ef4&apos;&#10;System info: os.name: &apos;Mac OS X&apos;, os.arch: &apos;x86_64&apos;, os.version: &apos;12.7.5&apos;, java.version: &apos;21.0.2&apos;&#10;Driver info: org.openqa.selenium.chrome.ChromeDriver&#10;Command: [92d008cb7bc7af1710e69bcce4d44c28, clickElement {id=f.73177C7ACAF4778C221CFE2741180054.d.8B115B35190FF5652BBA66ED3F29471F.e.59}]&#10;Capabilities {acceptInsecureCerts: false, browserName: chrome, browserVersion: 126.0.6478.127, chrome: {chromedriverVersion: 126.0.6478.63 (df799988fdc9..., userDataDir: /var/folders/l4/chj728qd4jj...}, fedcm:accounts: true, goog:chromeOptions: {debuggerAddress: localhost:54052}, networkConnectionEnabled: false, pageLoadStrategy: normal, platformName: mac, proxy: Proxy(), se:cdp: ws://localhost:54052/devtoo..., se:cdpVersion: 126.0.6478.127, setWindowRect: true, strictFileInteractability: false, timeouts: {implicit: 0, pageLoad: 300000, script: 30000}, unhandledPromptBehavior: dismiss and notify, webauthn:extension:credBlob: true, webauthn:extension:largeBlob: true, webauthn:extension:minPinLength: true, webauthn:extension:prf: true, webauthn:virtualAuthenticators: true}&#10;Element: [[ChromeDriver: chrome on mac (92d008cb7bc7af1710e69bcce4d44c28)] -&gt; xpath: //span[text()=&apos;Debt Consolidation&apos;]]&#10;Session ID: 92d008cb7bc7af1710e69bcce4d44c28"/>
    <system-out><![CDATA[2024-07-01 22:23:02,173 [main] INFO : Test Started: testInValidDOB
2024-07-01 22:23:02,174 [main] INFO : Test Skipped: testInValidDOB
]]></system-out>
  </testcase>
  <testcase name="tearDown" classname="UpgradeUI.BasicInformationPageTest" time="0">
    <skipped/>
  </testcase>
</testsuite>