<?xml version="1.0" encoding="UTF-8"?>
<testsuite xmlns:xsi="http://www.w3.org/2001/XMLSchema-instance" xsi:noNamespaceSchemaLocation="https://maven.apache.org/surefire/maven-surefire-plugin/xsd/surefire-test-report-3.0.xsd" version="3.0" name="TestSuite" time="18.179" tests="11" errors="0" skipped="9" failures="2">
  <properties>
[...]
</properties>
  <testcase name="testValidBasicInformation[Harpal, Singh, 2 North Central Avenue, Arizona, Phoenix, 85004.0, 12/07/1981, TC01_ValidDOB](1)" classname="UpgradeUI.BasicInformationPageTest" time="3.021">
    <failure message="user successfully navigated to Income Information Page expected [true] but found [false]" type="java.lang.AssertionError"><![CDATA[java.lang.AssertionError: user successfully navigated to Income Information Page expected [true] but found [false]
	at UpgradeUI.BasicInformationPageTest.testValidBasicInformation(BasicInformationPageTest.java:60)
]]></failure>
    <system-out><![CDATA[Screenshot saved at: /Users/harpalsingh/Downloads/SeleniumCucumberBDD-master/UpgradeTestNG/screenshots/Test_20240702142111.png
]]></system-out>
    <system-err><![CDATA[SLF4J: Failed to load class "org.slf4j.impl.StaticLoggerBinder".
SLF4J: Defaulting to no-operation (NOP) logger implementation
SLF4J: See http://www.slf4j.org/codes.html#StaticLoggerBinder for further details.
Jul 02, 2024 2:21:04 P.M. org.openqa.selenium.devtools.CdpVersionFinder findNearestMatch
WARNING: Unable to find an exact match for CDP version 126, returning the closest version; found: 125; Please update to a Selenium version that supports CDP version 126
]]></system-err>
  </testcase>
  <testcase name="navigateToBasicInformationPage" classname="UpgradeUI.BasicInformationPageTest" time="7.376">
    <failure message="element not interactable&#10;  (Session info: chrome=126.0.6478.127)&#10;Build info: version: &apos;4.21.0&apos;, revision: &apos;79ed462ef4&apos;&#10;System info: os.name: &apos;Mac OS X&apos;, os.arch: &apos;x86_64&apos;, os.version: &apos;12.7.5&apos;, java.version: &apos;21.0.2&apos;&#10;Driver info: org.openqa.selenium.chrome.ChromeDriver&#10;Command: [8cff5ba411eb9d0d429e071560601a9b, clickElement {id=f.F9F93A3386645707BD9DF0C5D611E12F.d.AFF4AB7A05B48AB1E7754F47925B9379.e.10}]&#10;Capabilities {acceptInsecureCerts: false, browserName: chrome, browserVersion: 126.0.6478.127, chrome: {chromedriverVersion: 126.0.6478.63 (df799988fdc9..., userDataDir: /var/folders/l4/chj728qd4jj...}, fedcm:accounts: true, goog:chromeOptions: {debuggerAddress: localhost:62306}, networkConnectionEnabled: false, pageLoadStrategy: normal, platformName: mac, proxy: Proxy(), se:cdp: ws://localhost:62306/devtoo..., se:cdpVersion: 126.0.6478.127, setWindowRect: true, strictFileInteractability: false, timeouts: {implicit: 0, pageLoad: 300000, script: 30000}, unhandledPromptBehavior: dismiss and notify, webauthn:extension:credBlob: true, webauthn:extension:largeBlob: true, webauthn:extension:minPinLength: true, webauthn:extension:prf: true, webauthn:virtualAuthenticators: true}&#10;Element: [[ChromeDriver: chrome on mac (8cff5ba411eb9d0d429e071560601a9b)] -&gt; xpath: //span[text()=&apos;Debt Consolidation&apos;]]&#10;Session ID: 8cff5ba411eb9d0d429e071560601a9b" type="org.openqa.selenium.ElementNotInteractableException"><![CDATA[org.openqa.selenium.ElementNotInteractableException: 
element not interactable
  (Session info: chrome=126.0.6478.127)
Build info: version: '4.21.0', revision: '79ed462ef4'
System info: os.name: 'Mac OS X', os.arch: 'x86_64', os.version: '12.7.5', java.version: '21.0.2'
Driver info: org.openqa.selenium.chrome.ChromeDriver
Command: [8cff5ba411eb9d0d429e071560601a9b, clickElement {id=f.F9F93A3386645707BD9DF0C5D611E12F.d.AFF4AB7A05B48AB1E7754F47925B9379.e.10}]
Capabilities {acceptInsecureCerts: false, browserName: chrome, browserVersion: 126.0.6478.127, chrome: {chromedriverVersion: 126.0.6478.63 (df799988fdc9..., userDataDir: /var/folders/l4/chj728qd4jj...}, fedcm:accounts: true, goog:chromeOptions: {debuggerAddress: localhost:62306}, networkConnectionEnabled: false, pageLoadStrategy: normal, platformName: mac, proxy: Proxy(), se:cdp: ws://localhost:62306/devtoo..., se:cdpVersion: 126.0.6478.127, setWindowRect: true, strictFileInteractability: false, timeouts: {implicit: 0, pageLoad: 300000, script: 30000}, unhandledPromptBehavior: dismiss and notify, webauthn:extension:credBlob: true, webauthn:extension:largeBlob: true, webauthn:extension:minPinLength: true, webauthn:extension:prf: true, webauthn:virtualAuthenticators: true}
Element: [[ChromeDriver: chrome on mac (8cff5ba411eb9d0d429e071560601a9b)] -> xpath: //span[text()='Debt Consolidation']]
Session ID: 8cff5ba411eb9d0d429e071560601a9b
	at UpgradeUI.BasicInformationPageTest.navigateToBasicInformationPage(BasicInformationPageTest.java:43)
]]></failure>
    <system-err><![CDATA[Jul 02, 2024 2:21:15 P.M. org.openqa.selenium.devtools.CdpVersionFinder findNearestMatch
WARNING: Unable to find an exact match for CDP version 126, returning the closest version; found: 125; Please update to a Selenium version that supports CDP version 126
]]></system-err>
  </testcase>
  <testcase name="navigateToBasicInformationPage" classname="UpgradeUI.BasicInformationPageTest" time="0">
    <skipped/>
  </testcase>
  <testcase name="navigateToBasicInformationPage" classname="UpgradeUI.BasicInformationPageTest" time="0">
    <skipped/>
  </testcase>
  <testcase name="testValidBasicInformation[Harpal, Singh, 2 North Central Avenue, Arizona, Phoenix, 85004.0, 07/12/1981, TC02_ValidDOB](2)" classname="UpgradeUI.BasicInformationPageTest" time="0">
    <skipped message="element not interactable&#10;  (Session info: chrome=126.0.6478.127)&#10;Build info: version: &apos;4.21.0&apos;, revision: &apos;79ed462ef4&apos;&#10;System info: os.name: &apos;Mac OS X&apos;, os.arch: &apos;x86_64&apos;, os.version: &apos;12.7.5&apos;, java.version: &apos;21.0.2&apos;&#10;Driver info: org.openqa.selenium.chrome.ChromeDriver&#10;Command: [8cff5ba411eb9d0d429e071560601a9b, clickElement {id=f.F9F93A3386645707BD9DF0C5D611E12F.d.AFF4AB7A05B48AB1E7754F47925B9379.e.10}]&#10;Capabilities {acceptInsecureCerts: false, browserName: chrome, browserVersion: 126.0.6478.127, chrome: {chromedriverVersion: 126.0.6478.63 (df799988fdc9..., userDataDir: /var/folders/l4/chj728qd4jj...}, fedcm:accounts: true, goog:chromeOptions: {debuggerAddress: localhost:62306}, networkConnectionEnabled: false, pageLoadStrategy: normal, platformName: mac, proxy: Proxy(), se:cdp: ws://localhost:62306/devtoo..., se:cdpVersion: 126.0.6478.127, setWindowRect: true, strictFileInteractability: false, timeouts: {implicit: 0, pageLoad: 300000, script: 30000}, unhandledPromptBehavior: dismiss and notify, webauthn:extension:credBlob: true, webauthn:extension:largeBlob: true, webauthn:extension:minPinLength: true, webauthn:extension:prf: true, webauthn:virtualAuthenticators: true}&#10;Element: [[ChromeDriver: chrome on mac (8cff5ba411eb9d0d429e071560601a9b)] -&gt; xpath: //span[text()=&apos;Debt Consolidation&apos;]]&#10;Session ID: 8cff5ba411eb9d0d429e071560601a9b"/>
  </testcase>
  <testcase name="cleanUp" classname="UpgradeUI.BasicInformationPageTest" time="0">
    <skipped/>
  </testcase>
  <testcase name="cleanUp" classname="UpgradeUI.BasicInformationPageTest" time="0">
    <skipped/>
  </testcase>
  <testcase name="cleanUp" classname="UpgradeUI.BasicInformationPageTest" time="0">
    <skipped/>
  </testcase>
  <testcase name="testInValidDOB[Harpal, Singh, 2 North Central Avenue, Arizona, Phoenix, 85004.0, 12/07/198, Please enter a valid date., TC01_InValidDOB](1)" classname="UpgradeUI.BasicInformationPageTest" time="0">
    <skipped message="element not interactable&#10;  (Session info: chrome=126.0.6478.127)&#10;Build info: version: &apos;4.21.0&apos;, revision: &apos;79ed462ef4&apos;&#10;System info: os.name: &apos;Mac OS X&apos;, os.arch: &apos;x86_64&apos;, os.version: &apos;12.7.5&apos;, java.version: &apos;21.0.2&apos;&#10;Driver info: org.openqa.selenium.chrome.ChromeDriver&#10;Command: [8cff5ba411eb9d0d429e071560601a9b, clickElement {id=f.F9F93A3386645707BD9DF0C5D611E12F.d.AFF4AB7A05B48AB1E7754F47925B9379.e.10}]&#10;Capabilities {acceptInsecureCerts: false, browserName: chrome, browserVersion: 126.0.6478.127, chrome: {chromedriverVersion: 126.0.6478.63 (df799988fdc9..., userDataDir: /var/folders/l4/chj728qd4jj...}, fedcm:accounts: true, goog:chromeOptions: {debuggerAddress: localhost:62306}, networkConnectionEnabled: false, pageLoadStrategy: normal, platformName: mac, proxy: Proxy(), se:cdp: ws://localhost:62306/devtoo..., se:cdpVersion: 126.0.6478.127, setWindowRect: true, strictFileInteractability: false, timeouts: {implicit: 0, pageLoad: 300000, script: 30000}, unhandledPromptBehavior: dismiss and notify, webauthn:extension:credBlob: true, webauthn:extension:largeBlob: true, webauthn:extension:minPinLength: true, webauthn:extension:prf: true, webauthn:virtualAuthenticators: true}&#10;Element: [[ChromeDriver: chrome on mac (8cff5ba411eb9d0d429e071560601a9b)] -&gt; xpath: //span[text()=&apos;Debt Consolidation&apos;]]&#10;Session ID: 8cff5ba411eb9d0d429e071560601a9b"/>
  </testcase>
  <testcase name="testInValidDOB[Harpal, Singh, 2 North Central Avenue, Arizona, Phoenix, 85004.0, 07/12/198, Please enter a valid date., TC02_InValidDOB](2)" classname="UpgradeUI.BasicInformationPageTest" time="0">
    <skipped message="element not interactable&#10;  (Session info: chrome=126.0.6478.127)&#10;Build info: version: &apos;4.21.0&apos;, revision: &apos;79ed462ef4&apos;&#10;System info: os.name: &apos;Mac OS X&apos;, os.arch: &apos;x86_64&apos;, os.version: &apos;12.7.5&apos;, java.version: &apos;21.0.2&apos;&#10;Driver info: org.openqa.selenium.chrome.ChromeDriver&#10;Command: [8cff5ba411eb9d0d429e071560601a9b, clickElement {id=f.F9F93A3386645707BD9DF0C5D611E12F.d.AFF4AB7A05B48AB1E7754F47925B9379.e.10}]&#10;Capabilities {acceptInsecureCerts: false, browserName: chrome, browserVersion: 126.0.6478.127, chrome: {chromedriverVersion: 126.0.6478.63 (df799988fdc9..., userDataDir: /var/folders/l4/chj728qd4jj...}, fedcm:accounts: true, goog:chromeOptions: {debuggerAddress: localhost:62306}, networkConnectionEnabled: false, pageLoadStrategy: normal, platformName: mac, proxy: Proxy(), se:cdp: ws://localhost:62306/devtoo..., se:cdpVersion: 126.0.6478.127, setWindowRect: true, strictFileInteractability: false, timeouts: {implicit: 0, pageLoad: 300000, script: 30000}, unhandledPromptBehavior: dismiss and notify, webauthn:extension:credBlob: true, webauthn:extension:largeBlob: true, webauthn:extension:minPinLength: true, webauthn:extension:prf: true, webauthn:virtualAuthenticators: true}&#10;Element: [[ChromeDriver: chrome on mac (8cff5ba411eb9d0d429e071560601a9b)] -&gt; xpath: //span[text()=&apos;Debt Consolidation&apos;]]&#10;Session ID: 8cff5ba411eb9d0d429e071560601a9b"/>
  </testcase>
  <testcase name="tearDown" classname="UpgradeUI.BasicInformationPageTest" time="0">
    <skipped/>
  </testcase>
</testsuite>